2025-11-24 08:54:15,770 - db_helper - INFO - fetch_expenses_for_date called with 2024-08-01
2025-11-24 08:55:57,024 - db_helper - INFO - fetch_expenses_for_date called with 2024-09-30
2025-11-25 22:34:47,218 - db_helper - INFO - fetch_expenses_for_date called with 2024-08-01
2025-11-25 22:43:51,450 - db_helper - INFO - fetch_expenses_for_date called with 2024-08-01
2025-11-25 22:48:05,099 - db_helper - INFO - fetch_expenses_for_date called with 2024-08-01
2025-11-25 22:48:12,610 - db_helper - INFO - fetch_expenses_for_date called with 2024-08-01
2025-11-25 22:48:50,275 - db_helper - INFO - fetch_expenses_for_date called with 2024-08-01
2025-11-25 22:53:16,375 - db_helper - INFO - fetch_expenses_for_date called with 2024-08-01
2025-11-26 08:21:16,277 - db_helper - INFO - fetch_expenses_for_date called with 2024-08-01
2025-11-26 08:26:50,426 - db_helper - INFO - fetch_expenses_for_date called with 2024-08-01
2025-11-26 08:54:43,684 - db_helper - INFO - fetch_expenses_for_date called with 2024-08-07
2025-11-26 08:56:57,092 - db_helper - INFO - fetch_expenses_for_date called with 2024-08-07
2025-11-26 08:57:03,367 - db_helper - INFO - fetch_expenses_for_date called with 2024-08-07
2025-11-26 08:57:05,466 - db_helper - INFO - fetch_expenses_for_date called with 2024-08-07
2025-11-26 08:57:05,484 - db_helper - INFO - insert_expense called with date: 2024-08-07, amount: 200.0, category: Shopping, notes: Bought some cloth
2025-11-26 08:57:05,510 - db_helper - INFO - insert_expense called with date: 2024-08-07, amount: 15.0, category: Shopping, notes: Hair oil
2025-11-26 08:57:05,533 - db_helper - INFO - insert_expense called with date: 2024-08-07, amount: 100.0, category: Food, notes: Ate Kitfo
2025-11-26 08:57:05,555 - db_helper - INFO - insert_expense called with date: 2024-08-07, amount: 0.0, category: Rent, notes: 
2025-11-26 08:57:05,576 - db_helper - INFO - insert_expense called with date: 2024-08-07, amount: 0.0, category: Rent, notes: 
2025-11-26 10:00:19,189 - db_helper - INFO - fetch_expenses_for_date called with 2024-08-28
2025-11-26 10:00:36,530 - db_helper - INFO - fetch_expenses_for_date called with 2024-08-01
2025-11-26 22:27:19,239 - db_helper - INFO - fetch_expense_summary called with start: 2024-08-01 end: 2024-08-01
2025-11-26 22:27:48,721 - db_helper - INFO - fetch_expense_summary called with start: 2024-08-01 end: 2024-08-05
2025-11-26 23:07:30,161 - db_helper - INFO - fetch_expense_summary called with start: 2024-08-01 end: 2024-08-05
2025-11-27 11:40:37,756 - db_helper - INFO - fetch_expenses_for_date called with 2024-08-01
2025-11-27 11:40:51,580 - db_helper - INFO - fetch_expenses_for_date called with 2024-08-01
2025-11-27 11:40:56,191 - db_helper - INFO - fetch_expenses_for_date called with 2024-08-01
2025-11-27 23:24:18,521 - db_helper - INFO - fetch_expenses_for_date called with 2024-08-01
2025-11-27 23:24:24,602 - db_helper - INFO - fetch_expenses_for_date called with 2024-08-01
2025-11-27 23:25:48,428 - db_helper - INFO - fetch_expenses_for_date called with 2024-08-01
2025-11-27 23:25:52,679 - db_helper - INFO - fetch_expenses_for_date called with 2024-08-01
2025-11-27 23:27:28,621 - db_helper - INFO - fetch_expenses_for_date called with 2024-08-01
2025-11-27 23:27:32,396 - db_helper - INFO - fetch_expenses_for_date called with 2024-08-01
2025-11-27 23:29:47,858 - db_helper - INFO - fetch_expenses_for_date called with 2024-08-01
2025-11-27 23:29:51,936 - db_helper - INFO - fetch_expenses_for_date called with 2024-08-01
2025-11-27 23:29:54,016 - db_helper - INFO - fetch_expense_summary called with start: 2024-08-01 end: 2024-08-05
2025-11-28 01:22:29,073 - db_helper - INFO - fetch_expenses_for_date called with 2024-08-01
2025-11-28 01:22:33,716 - db_helper - INFO - fetch_expenses_for_date called with 2024-08-01
2025-11-28 01:22:35,799 - db_helper - INFO - fetch_expense_summary called with start: 2024-08-01 end: 2024-08-05
2025-11-28 01:23:05,422 - db_helper - INFO - fetch_expenses_for_date called with 2024-08-01
2025-11-28 01:23:08,857 - db_helper - INFO - fetch_expenses_for_date called with 2024-08-01
2025-11-28 01:23:10,959 - db_helper - INFO - fetch_expense_summary called with start: 2024-08-01 end: 2024-08-05
2025-11-28 01:33:15,723 - db_helper - INFO - fetch_expenses_for_date called with 2024-08-01
2025-11-28 01:33:19,156 - db_helper - INFO - fetch_expenses_for_date called with 2024-08-01
2025-11-28 01:33:21,261 - db_helper - INFO - fetch_expense_summary called with start: 2024-08-01 end: 2024-08-05
2025-11-28 01:38:44,264 - db_helper - INFO - fetch_expenses_for_date called with 2024-08-01
2025-11-28 01:38:49,338 - db_helper - INFO - fetch_expenses_for_date called with 2024-08-01
2025-11-28 01:38:51,450 - db_helper - INFO - fetch_expense_summary called with start: 2024-08-01 end: 2024-08-05
2025-11-28 01:39:34,421 - db_helper - INFO - fetch_expenses_for_date called with 2024-08-01
2025-11-28 01:39:37,989 - db_helper - INFO - fetch_expenses_for_date called with 2024-08-01
2025-11-28 01:39:40,150 - db_helper - INFO - fetch_expense_summary called with start: 2024-08-01 end: 2024-08-05
2025-11-28 11:50:46,326 - db_helper - INFO - fetch_expenses_for_date called with 2024-08-01
2025-11-28 11:50:48,433 - db_helper - INFO - fetch_expenses_for_date called with 2024-08-01
2025-11-28 11:50:48,464 - db_helper - INFO - insert_expense called with date: 2024-08-01, amount: 201.0, category: Rent, notes: Monthly rent payment
2025-11-28 11:50:48,485 - db_helper - INFO - insert_expense called with date: 2024-08-01, amount: 300.0, category: Food, notes: Groceries for the week
2025-11-28 11:50:48,504 - db_helper - INFO - insert_expense called with date: 2024-08-01, amount: 1200.0, category: Rent, notes: Monthly rent payment
2025-11-28 11:50:48,525 - db_helper - INFO - insert_expense called with date: 2024-08-01, amount: 300.0, category: Food, notes: Groceries for the week
2025-11-28 11:50:48,546 - db_helper - INFO - insert_expense called with date: 2024-08-01, amount: 0.0, category: Shopping, notes: 
2025-11-28 11:51:28,622 - db_helper - INFO - fetch_expenses_for_date called with 2024-08-01
2025-11-28 11:51:30,946 - db_helper - INFO - fetch_expenses_for_date called with 2024-08-01
2025-11-28 11:51:34,800 - db_helper - INFO - fetch_expenses_for_date called with 2024-08-01
2025-11-28 11:51:36,917 - db_helper - INFO - fetch_expense_summary called with start: 2024-08-02 end: 2024-08-07
2025-11-28 11:52:17,021 - db_helper - INFO - fetch_expenses_for_date called with 2024-08-01
2025-11-28 11:52:20,143 - db_helper - INFO - fetch_expenses_for_date called with 2024-08-01
2025-11-28 11:52:21,595 - db_helper - INFO - fetch_expenses_for_date called with 2024-08-01
2025-11-28 11:52:23,700 - db_helper - INFO - fetch_expense_summary called with start: 2024-08-10 end: 2024-08-22
2025-11-28 11:52:36,169 - db_helper - INFO - fetch_expenses_for_date called with 2024-08-01
2025-11-28 11:52:42,158 - db_helper - INFO - fetch_expenses_for_date called with 2024-08-01
2025-11-28 11:52:43,638 - db_helper - INFO - fetch_expenses_for_date called with 2024-08-01
2025-11-28 11:52:45,718 - db_helper - INFO - fetch_expense_summary called with start: 2024-08-01 end: 2024-08-08
